<html>
<head>
<title>TestNG:  Default test</title>
<link href="../testng.css" rel="stylesheet" type="text/css" />
<link href="../my-testng.css" rel="stylesheet" type="text/css" />

<style type="text/css">
.log { display: none;} 
.stack-trace { display: none;} 
</style>
<script type="text/javascript">
<!--
function flip(e) {
  current = e.style.display;
  if (current == 'block') {
    e.style.display = 'none';
    return 0;
  }
  else {
    e.style.display = 'block';
    return 1;
  }
}

function toggleBox(szDivId, elem, msg1, msg2)
{
  var res = -1;  if (document.getElementById) {
    res = flip(document.getElementById(szDivId));
  }
  else if (document.all) {
    // this is the way old msie versions work
    res = flip(document.all[szDivId]);
  }
  if(elem) {
    if(res == 0) elem.innerHTML = msg1; else elem.innerHTML = msg2;
  }

}

function toggleAllBoxes() {
  if (document.getElementsByTagName) {
    d = document.getElementsByTagName('div');
    for (i = 0; i < d.length; i++) {
      if (d[i].className == 'log') {
        flip(d[i]);
      }
    }
  }
}

// -->
</script>

</head>
<body>
<h2 align='center'>Default test</h2><table border='1' align="center">
<tr>
<td>Tests passed/Failed/Skipped:</td><td>0/0/1</td>
</tr><tr>
<td>Started on:</td><td>Wed Oct 07 14:53:47 IST 2020</td>
</tr>
<tr><td>Total time:</td><td>30 seconds (30463 ms)</td>
</tr><tr>
<td>Included groups:</td><td></td>
</tr><tr>
<td>Excluded groups:</td><td></td>
</tr>
</table><p/>
<small><i>(Hover the method name to see the test class name)</i></small><p/>
<table width='100%' border='1' class='invocation-failed'>
<tr><td colspan='4' align='center'><b>FAILED CONFIGURATIONS</b></td></tr>
<tr><td><b>Test method</b></td>
<td width="30%"><b>Exception</b></td>
<td width="10%"><b>Time (seconds)</b></td>
<td><b>Instance</b></td>
</tr>
<tr>
<td title='com.ijmeet.functionaltests.HomePageTestCases.openingBrowser()'><b>openingBrowser</b><br>Test class: com.ijmeet.functionaltests.HomePageTestCases</td>
<td><div><pre>org.openqa.selenium.SessionNotCreatedException: session not created
from disconnected: Unable to receive message from renderer
  (Session info: chrome=86.0.4240.75)
Build info: version: &apos;3.141.59&apos;, revision: &apos;e82be7d358&apos;, time: &apos;2018-11-14T08:17:03&apos;
System info: host: &apos;DELL-PC&apos;, ip: &apos;192.168.43.234&apos;, os.name: &apos;Windows 7&apos;, os.arch: &apos;amd64&apos;, os.version: &apos;6.1&apos;, java.version: &apos;1.8.0_181&apos;
Driver info: driver.version: ChromeDriver
remote stacktrace: Backtrace:
	Ordinal0 [0x00E3C013+3194899]
	Ordinal0 [0x00D26021+2056225]
	Ordinal0 [0x00BBF608+587272]
	Ordinal0 [0x00BB3735+538421]
	Ordinal0 [0x00BB2A6F+535151]
	Ordinal0 [0x00BB2E45+536133]
	Ordinal0 [0x00BB27A5+534437]
	Ordinal0 [0x00BBBBC9+572361]
	Ordinal0 [0x00BB2754+534356]
	Ordinal0 [0x00BB3475+537717]
	Ordinal0 [0x00BB2A6F+535151]
	Ordinal0 [0x00BB2E45+536133]
	Ordinal0 [0x00BB27A5+534437]
	Ordinal0 [0x00BB9EFE+564990]
	Ordinal0 [0x00BB2754+534356]
	Ordinal0 [0x00BB3475+537717]
	Ordinal0 [0x00BB2A6F+535151]
	Ordinal0 [0x00BB2E45+536133]
	Ordinal0 [0x00BB27A5+534437]
	Ordinal0 [0x00BB8186+557446]
	Ordinal0 [0x00BB2754+534356]
	Ordinal0 [0x00BB3475+537717]
	Ordinal0 [0x00BB2A6F+535151]
	Ordinal0 [0x00BB2E45+536133]
	Ordinal0 [0x00BB27A5+534437]
	Ordinal0 [0x00BB74A7+554151]
	Ordinal0 [0x00BB2754+534356]
	Ordinal0 [0x00BB3475+537717]
	Ordinal0 [0x00BB2A6F+535151]
	Ordinal0 [0x00BB2E45+536133]
	Ordinal0 [0x00BB27A5+534437]
	Ordinal0 [0x00BAF06C+520300]
	Ordinal0 [0x00BB2754+534356]
	Ordinal0 [0x00BB25BF+533951]
	Ordinal0 [0x00BB23D3+533459]
	Ordinal0 [0x00BC0620+591392]
	Ordinal0 [0x00B62A0C+207372]
	Ordinal0 [0x00B61D0D+204045]
	Ordinal0 [0x00B5FC1B+195611]
	Ordinal0 [0x00B43B7F+80767]
	Ordinal0 [0x00B44B4E+84814]
	Ordinal0 [0x00B44AD9+84697]
	Ordinal0 [0x00D3CE64+2149988]
	GetHandleVerifier [0x00FABE95+1400773]
	GetHandleVerifier [0x00FABB61+1399953]
	GetHandleVerifier [0x00FB31FA+1430314]
	GetHandleVerifier [0x00FAC69F+1402831]
	Ordinal0 [0x00D33D61+2112865]
	Ordinal0 [0x00D3E5CB+2155979]
	Ordinal0 [0x00D3E6F5+2156277]
	Ordinal0 [0x00D4F26E+2224750]
	BaseThreadInitThunk [0x74DA339A+18]
	RtlInitializeExceptionChain [0x77219ED2+99]
	RtlInitializeExceptionChain [0x77219EA5+54]

	at sun.reflect.NativeConstructorAccessorImpl.newInstance0(Native Method)
	at sun.reflect.NativeConstructorAccessorImpl.newInstance(NativeConstructorAccessorImpl.java:62)
	at sun.reflect.DelegatingConstructorAccessorImpl.newInstance(DelegatingConstructorAccessorImpl.java:45)
	at java.lang.reflect.Constructor.newInstance(Constructor.java:423)
	at org.openqa.selenium.remote.W3CHandshakeResponse.lambda$errorHandler$0(W3CHandshakeResponse.java:62)
	at org.openqa.selenium.remote.HandshakeResponse.lambda$getResponseFunction$0(HandshakeResponse.java:30)
	at org.openqa.selenium.remote.ProtocolHandshake.lambda$createSession$0(ProtocolHandshake.java:126)
	at java.util.stream.ReferencePipeline$3$1.accept(ReferencePipeline.java:193)
	at java.util.Spliterators$ArraySpliterator.tryAdvance(Spliterators.java:958)
	at java.util.stream.ReferencePipeline.forEachWithCancel(ReferencePipeline.java:126)
	at java.util.stream.AbstractPipeline.copyIntoWithCancel(AbstractPipeline.java:498)
	at java.util.stream.AbstractPipeline.copyInto(AbstractPipeline.java:485)
	at java.util.stream.AbstractPipeline.wrapAndCopyInto(AbstractPipeline.java:471)
	at java.util.stream.FindOps$FindOp.evaluateSequential(FindOps.java:152)
	at java.util.stream.AbstractPipeline.evaluate(AbstractPipeline.java:234)
	at java.util.stream.ReferencePipeline.findFirst(ReferencePipeline.java:464)
	at org.openqa.selenium.remote.ProtocolHandshake.createSession(ProtocolHandshake.java:128)
	at org.openqa.selenium.remote.ProtocolHandshake.createSession(ProtocolHandshake.java:74)
	at org.openqa.selenium.remote.HttpCommandExecutor.execute(HttpCommandExecutor.java:136)
	at org.openqa.selenium.remote.service.DriverCommandExecutor.execute(DriverCommandExecutor.java:83)
	at org.openqa.selenium.remote.RemoteWebDriver.execute(RemoteWebDriver.java:552)
	at org.openqa.selenium.remote.RemoteWebDriver.startSession(RemoteWebDriver.java:213)
	at org.openqa.selenium.remote.RemoteWebDriver.&lt;init&gt;(RemoteWebDriver.java:131)
	at org.openqa.selenium.chrome.ChromeDriver.&lt;init&gt;(ChromeDriver.java:181)
	at org.openqa.selenium.chrome.ChromeDriver.&lt;init&gt;(ChromeDriver.java:168)
	at org.openqa.selenium.chrome.ChromeDriver.&lt;init&gt;(ChromeDriver.java:123)
	at com.ijmeet.keywords.FEKeywords.openBrowser(FEKeywords.java:22)
	at com.ijmeet.base.Testbase.openingBrowser(Testbase.java:13)
	at sun.reflect.NativeMethodAccessorImpl.invoke0(Native Method)
	at sun.reflect.NativeMethodAccessorImpl.invoke(NativeMethodAccessorImpl.java:62)
	at sun.reflect.DelegatingMethodAccessorImpl.invoke(DelegatingMethodAccessorImpl.java:43)
	at java.lang.reflect.Method.invoke(Method.java:498)
	at org.testng.internal.MethodInvocationHelper.invokeMethod(MethodInvocationHelper.java:124)
	at org.testng.internal.MethodInvocationHelper.invokeMethodConsideringTimeout(MethodInvocationHelper.java:59)
	at org.testng.internal.Invoker.invokeConfigurationMethod(Invoker.java:458)
	at org.testng.internal.Invoker.invokeConfigurations(Invoker.java:222)
	at org.testng.internal.Invoker.invokeConfigurations(Invoker.java:142)
	at org.testng.TestRunner.beforeRun(TestRunner.java:529)
	at org.testng.TestRunner.run(TestRunner.java:497)
	at org.testng.SuiteRunner.runTest(SuiteRunner.java:455)
	at org.testng.SuiteRunner.runSequentially(SuiteRunner.java:450)
	at org.testng.SuiteRunner.privateRun(SuiteRunner.java:415)
	at org.testng.SuiteRunner.run(SuiteRunner.java:364)
	at org.testng.SuiteRunnerWorker.runSuite(SuiteRunnerWorker.java:52)
	at org.testng.SuiteRunnerWorker.run(SuiteRunnerWorker.java:84)
	at org.testng.TestNG.runSuitesSequentially(TestNG.java:1208)
	at org.testng.TestNG.runSuitesLocally(TestNG.java:1137)
	at org.testng.TestNG.runSuites(TestNG.java:1049)
	at org.testng.TestNG.run(TestNG.java:1017)
	at org.testng.remote.AbstractRemoteTestNG.run(AbstractRemoteTestNG.java:115)
	at org.testng.remote.RemoteTestNG.initAndRun(RemoteTestNG.java:251)
	at org.testng.remote.RemoteTestNG.main(RemoteTestNG.java:77)
</pre></div><a href='#' onClick='toggleBox("stack-trace912966811", this, "Click to show all stack frames", "Click to hide stack frames")'>Click to show all stack frames</a>
<div class='stack-trace' id='stack-trace912966811'><pre>org.openqa.selenium.SessionNotCreatedException: session not created
from disconnected: Unable to receive message from renderer
  (Session info: chrome=86.0.4240.75)
Build info: version: &apos;3.141.59&apos;, revision: &apos;e82be7d358&apos;, time: &apos;2018-11-14T08:17:03&apos;
System info: host: &apos;DELL-PC&apos;, ip: &apos;192.168.43.234&apos;, os.name: &apos;Windows 7&apos;, os.arch: &apos;amd64&apos;, os.version: &apos;6.1&apos;, java.version: &apos;1.8.0_181&apos;
Driver info: driver.version: ChromeDriver
remote stacktrace: Backtrace:
	Ordinal0 [0x00E3C013+3194899]
	Ordinal0 [0x00D26021+2056225]
	Ordinal0 [0x00BBF608+587272]
	Ordinal0 [0x00BB3735+538421]
	Ordinal0 [0x00BB2A6F+535151]
	Ordinal0 [0x00BB2E45+536133]
	Ordinal0 [0x00BB27A5+534437]
	Ordinal0 [0x00BBBBC9+572361]
	Ordinal0 [0x00BB2754+534356]
	Ordinal0 [0x00BB3475+537717]
	Ordinal0 [0x00BB2A6F+535151]
	Ordinal0 [0x00BB2E45+536133]
	Ordinal0 [0x00BB27A5+534437]
	Ordinal0 [0x00BB9EFE+564990]
	Ordinal0 [0x00BB2754+534356]
	Ordinal0 [0x00BB3475+537717]
	Ordinal0 [0x00BB2A6F+535151]
	Ordinal0 [0x00BB2E45+536133]
	Ordinal0 [0x00BB27A5+534437]
	Ordinal0 [0x00BB8186+557446]
	Ordinal0 [0x00BB2754+534356]
	Ordinal0 [0x00BB3475+537717]
	Ordinal0 [0x00BB2A6F+535151]
	Ordinal0 [0x00BB2E45+536133]
	Ordinal0 [0x00BB27A5+534437]
	Ordinal0 [0x00BB74A7+554151]
	Ordinal0 [0x00BB2754+534356]
	Ordinal0 [0x00BB3475+537717]
	Ordinal0 [0x00BB2A6F+535151]
	Ordinal0 [0x00BB2E45+536133]
	Ordinal0 [0x00BB27A5+534437]
	Ordinal0 [0x00BAF06C+520300]
	Ordinal0 [0x00BB2754+534356]
	Ordinal0 [0x00BB25BF+533951]
	Ordinal0 [0x00BB23D3+533459]
	Ordinal0 [0x00BC0620+591392]
	Ordinal0 [0x00B62A0C+207372]
	Ordinal0 [0x00B61D0D+204045]
	Ordinal0 [0x00B5FC1B+195611]
	Ordinal0 [0x00B43B7F+80767]
	Ordinal0 [0x00B44B4E+84814]
	Ordinal0 [0x00B44AD9+84697]
	Ordinal0 [0x00D3CE64+2149988]
	GetHandleVerifier [0x00FABE95+1400773]
	GetHandleVerifier [0x00FABB61+1399953]
	GetHandleVerifier [0x00FB31FA+1430314]
	GetHandleVerifier [0x00FAC69F+1402831]
	Ordinal0 [0x00D33D61+2112865]
	Ordinal0 [0x00D3E5CB+2155979]
	Ordinal0 [0x00D3E6F5+2156277]
	Ordinal0 [0x00D4F26E+2224750]
	BaseThreadInitThunk [0x74DA339A+18]
	RtlInitializeExceptionChain [0x77219ED2+99]
	RtlInitializeExceptionChain [0x77219EA5+54]

	at sun.reflect.NativeConstructorAccessorImpl.newInstance0(Native Method)
	at sun.reflect.NativeConstructorAccessorImpl.newInstance(NativeConstructorAccessorImpl.java:62)
	at sun.reflect.DelegatingConstructorAccessorImpl.newInstance(DelegatingConstructorAccessorImpl.java:45)
	at java.lang.reflect.Constructor.newInstance(Constructor.java:423)
	at org.openqa.selenium.remote.W3CHandshakeResponse.lambda$errorHandler$0(W3CHandshakeResponse.java:62)
	at org.openqa.selenium.remote.HandshakeResponse.lambda$getResponseFunction$0(HandshakeResponse.java:30)
	at org.openqa.selenium.remote.ProtocolHandshake.lambda$createSession$0(ProtocolHandshake.java:126)
	at java.util.stream.ReferencePipeline$3$1.accept(ReferencePipeline.java:193)
	at java.util.Spliterators$ArraySpliterator.tryAdvance(Spliterators.java:958)
	at java.util.stream.ReferencePipeline.forEachWithCancel(ReferencePipeline.java:126)
	at java.util.stream.AbstractPipeline.copyIntoWithCancel(AbstractPipeline.java:498)
	at java.util.stream.AbstractPipeline.copyInto(AbstractPipeline.java:485)
	at java.util.stream.AbstractPipeline.wrapAndCopyInto(AbstractPipeline.java:471)
	at java.util.stream.FindOps$FindOp.evaluateSequential(FindOps.java:152)
	at java.util.stream.AbstractPipeline.evaluate(AbstractPipeline.java:234)
	at java.util.stream.ReferencePipeline.findFirst(ReferencePipeline.java:464)
	at org.openqa.selenium.remote.ProtocolHandshake.createSession(ProtocolHandshake.java:128)
	at org.openqa.selenium.remote.ProtocolHandshake.createSession(ProtocolHandshake.java:74)
	at org.openqa.selenium.remote.HttpCommandExecutor.execute(HttpCommandExecutor.java:136)
	at org.openqa.selenium.remote.service.DriverCommandExecutor.execute(DriverCommandExecutor.java:83)
	at org.openqa.selenium.remote.RemoteWebDriver.execute(RemoteWebDriver.java:552)
	at org.openqa.selenium.remote.RemoteWebDriver.startSession(RemoteWebDriver.java:213)
	at org.openqa.selenium.remote.RemoteWebDriver.&lt;init&gt;(RemoteWebDriver.java:131)
	at org.openqa.selenium.chrome.ChromeDriver.&lt;init&gt;(ChromeDriver.java:181)
	at org.openqa.selenium.chrome.ChromeDriver.&lt;init&gt;(ChromeDriver.java:168)
	at org.openqa.selenium.chrome.ChromeDriver.&lt;init&gt;(ChromeDriver.java:123)
	at com.ijmeet.keywords.FEKeywords.openBrowser(FEKeywords.java:22)
	at com.ijmeet.base.Testbase.openingBrowser(Testbase.java:13)
	at sun.reflect.NativeMethodAccessorImpl.invoke0(Native Method)
	at sun.reflect.NativeMethodAccessorImpl.invoke(NativeMethodAccessorImpl.java:62)
	at sun.reflect.DelegatingMethodAccessorImpl.invoke(DelegatingMethodAccessorImpl.java:43)
	at java.lang.reflect.Method.invoke(Method.java:498)
	at org.testng.internal.MethodInvocationHelper.invokeMethod(MethodInvocationHelper.java:124)
	at org.testng.internal.MethodInvocationHelper.invokeMethodConsideringTimeout(MethodInvocationHelper.java:59)
	at org.testng.internal.Invoker.invokeConfigurationMethod(Invoker.java:458)
	at org.testng.internal.Invoker.invokeConfigurations(Invoker.java:222)
	at org.testng.internal.Invoker.invokeConfigurations(Invoker.java:142)
	at org.testng.TestRunner.beforeRun(TestRunner.java:529)
	at org.testng.TestRunner.run(TestRunner.java:497)
	at org.testng.SuiteRunner.runTest(SuiteRunner.java:455)
	at org.testng.SuiteRunner.runSequentially(SuiteRunner.java:450)
	at org.testng.SuiteRunner.privateRun(SuiteRunner.java:415)
	at org.testng.SuiteRunner.run(SuiteRunner.java:364)
	at org.testng.SuiteRunnerWorker.runSuite(SuiteRunnerWorker.java:52)
	at org.testng.SuiteRunnerWorker.run(SuiteRunnerWorker.java:84)
	at org.testng.TestNG.runSuitesSequentially(TestNG.java:1208)
	at org.testng.TestNG.runSuitesLocally(TestNG.java:1137)
	at org.testng.TestNG.runSuites(TestNG.java:1049)
	at org.testng.TestNG.run(TestNG.java:1017)
	at org.testng.remote.AbstractRemoteTestNG.run(AbstractRemoteTestNG.java:115)
	at org.testng.remote.RemoteTestNG.initAndRun(RemoteTestNG.java:251)
	at org.testng.remote.RemoteTestNG.main(RemoteTestNG.java:77)
</pre></div></td>
<td>30</td>
<td>com.ijmeet.functionaltests.HomePageTestCases@402e37bc</td></tr>
</table><p>
<table width='100%' border='1' class='invocation-skipped'>
<tr><td colspan='4' align='center'><b>SKIPPED CONFIGURATIONS</b></td></tr>
<tr><td><b>Test method</b></td>
<td width="30%"><b>Exception</b></td>
<td width="10%"><b>Time (seconds)</b></td>
<td><b>Instance</b></td>
</tr>
<tr>
<td title='com.ijmeet.functionaltests.HomePageTestCases.closingBrowser()'><b>closingBrowser</b><br>Test class: com.ijmeet.functionaltests.HomePageTestCases</td>
<td></td>
<td>0</td>
<td>com.ijmeet.functionaltests.HomePageTestCases@402e37bc</td></tr>
</table><p>
<table width='100%' border='1' class='invocation-skipped'>
<tr><td colspan='4' align='center'><b>SKIPPED TESTS</b></td></tr>
<tr><td><b>Test method</b></td>
<td width="30%"><b>Exception</b></td>
<td width="10%"><b>Time (seconds)</b></td>
<td><b>Instance</b></td>
</tr>
<tr>
<td title='com.ijmeet.functionaltests.HomePageTestCases.verifyIsLogoVisibilityTest()'><b>verifyIsLogoVisibilityTest</b><br>Test class: com.ijmeet.functionaltests.HomePageTestCases</td>
<td><div><pre>org.openqa.selenium.SessionNotCreatedException: session not created
from disconnected: Unable to receive message from renderer
  (Session info: chrome=86.0.4240.75)
Build info: version: &apos;3.141.59&apos;, revision: &apos;e82be7d358&apos;, time: &apos;2018-11-14T08:17:03&apos;
System info: host: &apos;DELL-PC&apos;, ip: &apos;192.168.43.234&apos;, os.name: &apos;Windows 7&apos;, os.arch: &apos;amd64&apos;, os.version: &apos;6.1&apos;, java.version: &apos;1.8.0_181&apos;
Driver info: driver.version: ChromeDriver
remote stacktrace: Backtrace:
	Ordinal0 [0x00E3C013+3194899]
	Ordinal0 [0x00D26021+2056225]
	Ordinal0 [0x00BBF608+587272]
	Ordinal0 [0x00BB3735+538421]
	Ordinal0 [0x00BB2A6F+535151]
	Ordinal0 [0x00BB2E45+536133]
	Ordinal0 [0x00BB27A5+534437]
	Ordinal0 [0x00BBBBC9+572361]
	Ordinal0 [0x00BB2754+534356]
	Ordinal0 [0x00BB3475+537717]
	Ordinal0 [0x00BB2A6F+535151]
	Ordinal0 [0x00BB2E45+536133]
	Ordinal0 [0x00BB27A5+534437]
	Ordinal0 [0x00BB9EFE+564990]
	Ordinal0 [0x00BB2754+534356]
	Ordinal0 [0x00BB3475+537717]
	Ordinal0 [0x00BB2A6F+535151]
	Ordinal0 [0x00BB2E45+536133]
	Ordinal0 [0x00BB27A5+534437]
	Ordinal0 [0x00BB8186+557446]
	Ordinal0 [0x00BB2754+534356]
	Ordinal0 [0x00BB3475+537717]
	Ordinal0 [0x00BB2A6F+535151]
	Ordinal0 [0x00BB2E45+536133]
	Ordinal0 [0x00BB27A5+534437]
	Ordinal0 [0x00BB74A7+554151]
	Ordinal0 [0x00BB2754+534356]
	Ordinal0 [0x00BB3475+537717]
	Ordinal0 [0x00BB2A6F+535151]
	Ordinal0 [0x00BB2E45+536133]
	Ordinal0 [0x00BB27A5+534437]
	Ordinal0 [0x00BAF06C+520300]
	Ordinal0 [0x00BB2754+534356]
	Ordinal0 [0x00BB25BF+533951]
	Ordinal0 [0x00BB23D3+533459]
	Ordinal0 [0x00BC0620+591392]
	Ordinal0 [0x00B62A0C+207372]
	Ordinal0 [0x00B61D0D+204045]
	Ordinal0 [0x00B5FC1B+195611]
	Ordinal0 [0x00B43B7F+80767]
	Ordinal0 [0x00B44B4E+84814]
	Ordinal0 [0x00B44AD9+84697]
	Ordinal0 [0x00D3CE64+2149988]
	GetHandleVerifier [0x00FABE95+1400773]
	GetHandleVerifier [0x00FABB61+1399953]
	GetHandleVerifier [0x00FB31FA+1430314]
	GetHandleVerifier [0x00FAC69F+1402831]
	Ordinal0 [0x00D33D61+2112865]
	Ordinal0 [0x00D3E5CB+2155979]
	Ordinal0 [0x00D3E6F5+2156277]
	Ordinal0 [0x00D4F26E+2224750]
	BaseThreadInitThunk [0x74DA339A+18]
	RtlInitializeExceptionChain [0x77219ED2+99]
	RtlInitializeExceptionChain [0x77219EA5+54]

	at sun.reflect.NativeConstructorAccessorImpl.newInstance0(Native Method)
	at sun.reflect.NativeConstructorAccessorImpl.newInstance(NativeConstructorAccessorImpl.java:62)
	at sun.reflect.DelegatingConstructorAccessorImpl.newInstance(DelegatingConstructorAccessorImpl.java:45)
	at java.lang.reflect.Constructor.newInstance(Constructor.java:423)
	at org.openqa.selenium.remote.W3CHandshakeResponse.lambda$errorHandler$0(W3CHandshakeResponse.java:62)
	at org.openqa.selenium.remote.HandshakeResponse.lambda$getResponseFunction$0(HandshakeResponse.java:30)
	at org.openqa.selenium.remote.ProtocolHandshake.lambda$createSession$0(ProtocolHandshake.java:126)
	at java.util.stream.ReferencePipeline$3$1.accept(ReferencePipeline.java:193)
	at java.util.Spliterators$ArraySpliterator.tryAdvance(Spliterators.java:958)
	at java.util.stream.ReferencePipeline.forEachWithCancel(ReferencePipeline.java:126)
	at java.util.stream.AbstractPipeline.copyIntoWithCancel(AbstractPipeline.java:498)
	at java.util.stream.AbstractPipeline.copyInto(AbstractPipeline.java:485)
	at java.util.stream.AbstractPipeline.wrapAndCopyInto(AbstractPipeline.java:471)
	at java.util.stream.FindOps$FindOp.evaluateSequential(FindOps.java:152)
	at java.util.stream.AbstractPipeline.evaluate(AbstractPipeline.java:234)
	at java.util.stream.ReferencePipeline.findFirst(ReferencePipeline.java:464)
	at org.openqa.selenium.remote.ProtocolHandshake.createSession(ProtocolHandshake.java:128)
	at org.openqa.selenium.remote.ProtocolHandshake.createSession(ProtocolHandshake.java:74)
	at org.openqa.selenium.remote.HttpCommandExecutor.execute(HttpCommandExecutor.java:136)
	at org.openqa.selenium.remote.service.DriverCommandExecutor.execute(DriverCommandExecutor.java:83)
	at org.openqa.selenium.remote.RemoteWebDriver.execute(RemoteWebDriver.java:552)
	at org.openqa.selenium.remote.RemoteWebDriver.startSession(RemoteWebDriver.java:213)
	at org.openqa.selenium.remote.RemoteWebDriver.&lt;init&gt;(RemoteWebDriver.java:131)
	at org.openqa.selenium.chrome.ChromeDriver.&lt;init&gt;(ChromeDriver.java:181)
	at org.openqa.selenium.chrome.ChromeDriver.&lt;init&gt;(ChromeDriver.java:168)
	at org.openqa.selenium.chrome.ChromeDriver.&lt;init&gt;(ChromeDriver.java:123)
	at com.ijmeet.keywords.FEKeywords.openBrowser(FEKeywords.java:22)
	at com.ijmeet.base.Testbase.openingBrowser(Testbase.java:13)
	at sun.reflect.NativeMethodAccessorImpl.invoke0(Native Method)
	at sun.reflect.NativeMethodAccessorImpl.invoke(NativeMethodAccessorImpl.java:62)
	at sun.reflect.DelegatingMethodAccessorImpl.invoke(DelegatingMethodAccessorImpl.java:43)
	at java.lang.reflect.Method.invoke(Method.java:498)
	at org.testng.internal.MethodInvocationHelper.invokeMethod(MethodInvocationHelper.java:124)
	at org.testng.internal.MethodInvocationHelper.invokeMethodConsideringTimeout(MethodInvocationHelper.java:59)
	at org.testng.internal.Invoker.invokeConfigurationMethod(Invoker.java:458)
	at org.testng.internal.Invoker.invokeConfigurations(Invoker.java:222)
	at org.testng.internal.Invoker.invokeConfigurations(Invoker.java:142)
	at org.testng.TestRunner.beforeRun(TestRunner.java:529)
	at org.testng.TestRunner.run(TestRunner.java:497)
	at org.testng.SuiteRunner.runTest(SuiteRunner.java:455)
	at org.testng.SuiteRunner.runSequentially(SuiteRunner.java:450)
	at org.testng.SuiteRunner.privateRun(SuiteRunner.java:415)
	at org.testng.SuiteRunner.run(SuiteRunner.java:364)
	at org.testng.SuiteRunnerWorker.runSuite(SuiteRunnerWorker.java:52)
	at org.testng.SuiteRunnerWorker.run(SuiteRunnerWorker.java:84)
	at org.testng.TestNG.runSuitesSequentially(TestNG.java:1208)
	at org.testng.TestNG.runSuitesLocally(TestNG.java:1137)
	at org.testng.TestNG.runSuites(TestNG.java:1049)
	at org.testng.TestNG.run(TestNG.java:1017)
	at org.testng.remote.AbstractRemoteTestNG.run(AbstractRemoteTestNG.java:115)
	at org.testng.remote.RemoteTestNG.initAndRun(RemoteTestNG.java:251)
	at org.testng.remote.RemoteTestNG.main(RemoteTestNG.java:77)
</pre></div><a href='#' onClick='toggleBox("stack-trace1816522350", this, "Click to show all stack frames", "Click to hide stack frames")'>Click to show all stack frames</a>
<div class='stack-trace' id='stack-trace1816522350'><pre>org.openqa.selenium.SessionNotCreatedException: session not created
from disconnected: Unable to receive message from renderer
  (Session info: chrome=86.0.4240.75)
Build info: version: &apos;3.141.59&apos;, revision: &apos;e82be7d358&apos;, time: &apos;2018-11-14T08:17:03&apos;
System info: host: &apos;DELL-PC&apos;, ip: &apos;192.168.43.234&apos;, os.name: &apos;Windows 7&apos;, os.arch: &apos;amd64&apos;, os.version: &apos;6.1&apos;, java.version: &apos;1.8.0_181&apos;
Driver info: driver.version: ChromeDriver
remote stacktrace: Backtrace:
	Ordinal0 [0x00E3C013+3194899]
	Ordinal0 [0x00D26021+2056225]
	Ordinal0 [0x00BBF608+587272]
	Ordinal0 [0x00BB3735+538421]
	Ordinal0 [0x00BB2A6F+535151]
	Ordinal0 [0x00BB2E45+536133]
	Ordinal0 [0x00BB27A5+534437]
	Ordinal0 [0x00BBBBC9+572361]
	Ordinal0 [0x00BB2754+534356]
	Ordinal0 [0x00BB3475+537717]
	Ordinal0 [0x00BB2A6F+535151]
	Ordinal0 [0x00BB2E45+536133]
	Ordinal0 [0x00BB27A5+534437]
	Ordinal0 [0x00BB9EFE+564990]
	Ordinal0 [0x00BB2754+534356]
	Ordinal0 [0x00BB3475+537717]
	Ordinal0 [0x00BB2A6F+535151]
	Ordinal0 [0x00BB2E45+536133]
	Ordinal0 [0x00BB27A5+534437]
	Ordinal0 [0x00BB8186+557446]
	Ordinal0 [0x00BB2754+534356]
	Ordinal0 [0x00BB3475+537717]
	Ordinal0 [0x00BB2A6F+535151]
	Ordinal0 [0x00BB2E45+536133]
	Ordinal0 [0x00BB27A5+534437]
	Ordinal0 [0x00BB74A7+554151]
	Ordinal0 [0x00BB2754+534356]
	Ordinal0 [0x00BB3475+537717]
	Ordinal0 [0x00BB2A6F+535151]
	Ordinal0 [0x00BB2E45+536133]
	Ordinal0 [0x00BB27A5+534437]
	Ordinal0 [0x00BAF06C+520300]
	Ordinal0 [0x00BB2754+534356]
	Ordinal0 [0x00BB25BF+533951]
	Ordinal0 [0x00BB23D3+533459]
	Ordinal0 [0x00BC0620+591392]
	Ordinal0 [0x00B62A0C+207372]
	Ordinal0 [0x00B61D0D+204045]
	Ordinal0 [0x00B5FC1B+195611]
	Ordinal0 [0x00B43B7F+80767]
	Ordinal0 [0x00B44B4E+84814]
	Ordinal0 [0x00B44AD9+84697]
	Ordinal0 [0x00D3CE64+2149988]
	GetHandleVerifier [0x00FABE95+1400773]
	GetHandleVerifier [0x00FABB61+1399953]
	GetHandleVerifier [0x00FB31FA+1430314]
	GetHandleVerifier [0x00FAC69F+1402831]
	Ordinal0 [0x00D33D61+2112865]
	Ordinal0 [0x00D3E5CB+2155979]
	Ordinal0 [0x00D3E6F5+2156277]
	Ordinal0 [0x00D4F26E+2224750]
	BaseThreadInitThunk [0x74DA339A+18]
	RtlInitializeExceptionChain [0x77219ED2+99]
	RtlInitializeExceptionChain [0x77219EA5+54]

	at sun.reflect.NativeConstructorAccessorImpl.newInstance0(Native Method)
	at sun.reflect.NativeConstructorAccessorImpl.newInstance(NativeConstructorAccessorImpl.java:62)
	at sun.reflect.DelegatingConstructorAccessorImpl.newInstance(DelegatingConstructorAccessorImpl.java:45)
	at java.lang.reflect.Constructor.newInstance(Constructor.java:423)
	at org.openqa.selenium.remote.W3CHandshakeResponse.lambda$errorHandler$0(W3CHandshakeResponse.java:62)
	at org.openqa.selenium.remote.HandshakeResponse.lambda$getResponseFunction$0(HandshakeResponse.java:30)
	at org.openqa.selenium.remote.ProtocolHandshake.lambda$createSession$0(ProtocolHandshake.java:126)
	at java.util.stream.ReferencePipeline$3$1.accept(ReferencePipeline.java:193)
	at java.util.Spliterators$ArraySpliterator.tryAdvance(Spliterators.java:958)
	at java.util.stream.ReferencePipeline.forEachWithCancel(ReferencePipeline.java:126)
	at java.util.stream.AbstractPipeline.copyIntoWithCancel(AbstractPipeline.java:498)
	at java.util.stream.AbstractPipeline.copyInto(AbstractPipeline.java:485)
	at java.util.stream.AbstractPipeline.wrapAndCopyInto(AbstractPipeline.java:471)
	at java.util.stream.FindOps$FindOp.evaluateSequential(FindOps.java:152)
	at java.util.stream.AbstractPipeline.evaluate(AbstractPipeline.java:234)
	at java.util.stream.ReferencePipeline.findFirst(ReferencePipeline.java:464)
	at org.openqa.selenium.remote.ProtocolHandshake.createSession(ProtocolHandshake.java:128)
	at org.openqa.selenium.remote.ProtocolHandshake.createSession(ProtocolHandshake.java:74)
	at org.openqa.selenium.remote.HttpCommandExecutor.execute(HttpCommandExecutor.java:136)
	at org.openqa.selenium.remote.service.DriverCommandExecutor.execute(DriverCommandExecutor.java:83)
	at org.openqa.selenium.remote.RemoteWebDriver.execute(RemoteWebDriver.java:552)
	at org.openqa.selenium.remote.RemoteWebDriver.startSession(RemoteWebDriver.java:213)
	at org.openqa.selenium.remote.RemoteWebDriver.&lt;init&gt;(RemoteWebDriver.java:131)
	at org.openqa.selenium.chrome.ChromeDriver.&lt;init&gt;(ChromeDriver.java:181)
	at org.openqa.selenium.chrome.ChromeDriver.&lt;init&gt;(ChromeDriver.java:168)
	at org.openqa.selenium.chrome.ChromeDriver.&lt;init&gt;(ChromeDriver.java:123)
	at com.ijmeet.keywords.FEKeywords.openBrowser(FEKeywords.java:22)
	at com.ijmeet.base.Testbase.openingBrowser(Testbase.java:13)
	at sun.reflect.NativeMethodAccessorImpl.invoke0(Native Method)
	at sun.reflect.NativeMethodAccessorImpl.invoke(NativeMethodAccessorImpl.java:62)
	at sun.reflect.DelegatingMethodAccessorImpl.invoke(DelegatingMethodAccessorImpl.java:43)
	at java.lang.reflect.Method.invoke(Method.java:498)
	at org.testng.internal.MethodInvocationHelper.invokeMethod(MethodInvocationHelper.java:124)
	at org.testng.internal.MethodInvocationHelper.invokeMethodConsideringTimeout(MethodInvocationHelper.java:59)
	at org.testng.internal.Invoker.invokeConfigurationMethod(Invoker.java:458)
	at org.testng.internal.Invoker.invokeConfigurations(Invoker.java:222)
	at org.testng.internal.Invoker.invokeConfigurations(Invoker.java:142)
	at org.testng.TestRunner.beforeRun(TestRunner.java:529)
	at org.testng.TestRunner.run(TestRunner.java:497)
	at org.testng.SuiteRunner.runTest(SuiteRunner.java:455)
	at org.testng.SuiteRunner.runSequentially(SuiteRunner.java:450)
	at org.testng.SuiteRunner.privateRun(SuiteRunner.java:415)
	at org.testng.SuiteRunner.run(SuiteRunner.java:364)
	at org.testng.SuiteRunnerWorker.runSuite(SuiteRunnerWorker.java:52)
	at org.testng.SuiteRunnerWorker.run(SuiteRunnerWorker.java:84)
	at org.testng.TestNG.runSuitesSequentially(TestNG.java:1208)
	at org.testng.TestNG.runSuitesLocally(TestNG.java:1137)
	at org.testng.TestNG.runSuites(TestNG.java:1049)
	at org.testng.TestNG.run(TestNG.java:1017)
	at org.testng.remote.AbstractRemoteTestNG.run(AbstractRemoteTestNG.java:115)
	at org.testng.remote.RemoteTestNG.initAndRun(RemoteTestNG.java:251)
	at org.testng.remote.RemoteTestNG.main(RemoteTestNG.java:77)
</pre></div></td>
<td>0</td>
<td>com.ijmeet.functionaltests.HomePageTestCases@402e37bc</td></tr>
</table><p>
</body>
</html>