<!DOCTYPE html PUBLIC "-//W3C//DTD XHTML 1.1//EN" "http://www.w3.org/TR/xhtml11/DTD/xhtml11.dtd">
<html xmlns="http://www.w3.org/1999/xhtml">
<head>
<meta http-equiv="content-type" content="text/html; charset=UTF-8"/>
<title>TestNG Report</title>
<style type="text/css">table {margin-bottom:10px;border-collapse:collapse;empty-cells:show}th,td {border:1px solid #009;padding:.25em .5em}th {vertical-align:bottom}td {vertical-align:top}table a {font-weight:bold}.stripe td {background-color: #E6EBF9}.num {text-align:right}.passedodd td {background-color: #3F3}.passedeven td {background-color: #0A0}.skippedodd td {background-color: #DDD}.skippedeven td {background-color: #CCC}.failedodd td,.attn {background-color: #F33}.failedeven td,.stripe .attn {background-color: #D00}.stacktrace {white-space:pre;font-family:monospace}.totop {font-size:85%;text-align:center;border-bottom:2px solid #000}.invisible {display:none}</style>
</head>
<body>
<table>
<tr><th>Test</th><th># Passed</th><th># Skipped</th><th># Failed</th><th>Time (ms)</th><th>Included Groups</th><th>Excluded Groups</th></tr>
<tr><th colspan="7">Default suite</th></tr>
<tr><td><a href="#t0">Default test</a></td><td class="num">0</td><td class="num attn">1</td><td class="num">0</td><td class="num">30,463</td><td></td><td></td></tr>
</table>
<table id='summary'><thead><tr><th>Class</th><th>Method</th><th>Start</th><th>Time (ms)</th></tr></thead><tbody><tr><th colspan="4">Default suite</th></tr></tbody><tbody id="t0"><tr><th colspan="4">Default test &#8212; failed (configuration methods)</th></tr><tr class="failedeven"><td rowspan="1">com.ijmeet.functionaltests.HomePageTestCases</td><td><a href="#m0">openingBrowser</a></td><td rowspan="1">1602062627917</td><td rowspan="1">30385</td></tr><tr><th colspan="4">Default test &#8212; skipped (configuration methods)</th></tr><tr class="skippedeven"><td rowspan="1">com.ijmeet.functionaltests.HomePageTestCases</td><td><a href="#m1">closingBrowser</a></td><td rowspan="1">1602062658380</td><td rowspan="1">0</td></tr><tr><th colspan="4">Default test &#8212; skipped</th></tr><tr class="skippedeven"><td rowspan="1">com.ijmeet.functionaltests.HomePageTestCases</td><td><a href="#m2">verifyIsLogoVisibilityTest</a></td><td rowspan="1">1602062658380</td><td rowspan="1">0</td></tr></tbody>
</table>
<h2>Default test</h2><h3 id="m0">com.ijmeet.functionaltests.HomePageTestCases#openingBrowser</h3><table class="result"><tr><th>Exception</th></tr><tr><td><div class="stacktrace">org.openqa.selenium.SessionNotCreatedException: session not created
from disconnected: Unable to receive message from renderer
  (Session info: chrome=86.0.4240.75)
Build info: version: &apos;3.141.59&apos;, revision: &apos;e82be7d358&apos;, time: &apos;2018-11-14T08:17:03&apos;
System info: host: &apos;DELL-PC&apos;, ip: &apos;192.168.43.234&apos;, os.name: &apos;Windows 7&apos;, os.arch: &apos;amd64&apos;, os.version: &apos;6.1&apos;, java.version: &apos;1.8.0_181&apos;
Driver info: driver.version: ChromeDriver
remote stacktrace: Backtrace:
	Ordinal0 [0x00E3C013+3194899]
	Ordinal0 [0x00D26021+2056225]
	Ordinal0 [0x00BBF608+587272]
	Ordinal0 [0x00BB3735+538421]
	Ordinal0 [0x00BB2A6F+535151]
	Ordinal0 [0x00BB2E45+536133]
	Ordinal0 [0x00BB27A5+534437]
	Ordinal0 [0x00BBBBC9+572361]
	Ordinal0 [0x00BB2754+534356]
	Ordinal0 [0x00BB3475+537717]
	Ordinal0 [0x00BB2A6F+535151]
	Ordinal0 [0x00BB2E45+536133]
	Ordinal0 [0x00BB27A5+534437]
	Ordinal0 [0x00BB9EFE+564990]
	Ordinal0 [0x00BB2754+534356]
	Ordinal0 [0x00BB3475+537717]
	Ordinal0 [0x00BB2A6F+535151]
	Ordinal0 [0x00BB2E45+536133]
	Ordinal0 [0x00BB27A5+534437]
	Ordinal0 [0x00BB8186+557446]
	Ordinal0 [0x00BB2754+534356]
	Ordinal0 [0x00BB3475+537717]
	Ordinal0 [0x00BB2A6F+535151]
	Ordinal0 [0x00BB2E45+536133]
	Ordinal0 [0x00BB27A5+534437]
	Ordinal0 [0x00BB74A7+554151]
	Ordinal0 [0x00BB2754+534356]
	Ordinal0 [0x00BB3475+537717]
	Ordinal0 [0x00BB2A6F+535151]
	Ordinal0 [0x00BB2E45+536133]
	Ordinal0 [0x00BB27A5+534437]
	Ordinal0 [0x00BAF06C+520300]
	Ordinal0 [0x00BB2754+534356]
	Ordinal0 [0x00BB25BF+533951]
	Ordinal0 [0x00BB23D3+533459]
	Ordinal0 [0x00BC0620+591392]
	Ordinal0 [0x00B62A0C+207372]
	Ordinal0 [0x00B61D0D+204045]
	Ordinal0 [0x00B5FC1B+195611]
	Ordinal0 [0x00B43B7F+80767]
	Ordinal0 [0x00B44B4E+84814]
	Ordinal0 [0x00B44AD9+84697]
	Ordinal0 [0x00D3CE64+2149988]
	GetHandleVerifier [0x00FABE95+1400773]
	GetHandleVerifier [0x00FABB61+1399953]
	GetHandleVerifier [0x00FB31FA+1430314]
	GetHandleVerifier [0x00FAC69F+1402831]
	Ordinal0 [0x00D33D61+2112865]
	Ordinal0 [0x00D3E5CB+2155979]
	Ordinal0 [0x00D3E6F5+2156277]
	Ordinal0 [0x00D4F26E+2224750]
	BaseThreadInitThunk [0x74DA339A+18]
	RtlInitializeExceptionChain [0x77219ED2+99]
	RtlInitializeExceptionChain [0x77219EA5+54]

	at sun.reflect.NativeConstructorAccessorImpl.newInstance0(Native Method)
	at sun.reflect.NativeConstructorAccessorImpl.newInstance(NativeConstructorAccessorImpl.java:62)
	at sun.reflect.DelegatingConstructorAccessorImpl.newInstance(DelegatingConstructorAccessorImpl.java:45)
	at java.lang.reflect.Constructor.newInstance(Constructor.java:423)
	at org.openqa.selenium.remote.W3CHandshakeResponse.lambda$errorHandler$0(W3CHandshakeResponse.java:62)
	at org.openqa.selenium.remote.HandshakeResponse.lambda$getResponseFunction$0(HandshakeResponse.java:30)
	at org.openqa.selenium.remote.ProtocolHandshake.lambda$createSession$0(ProtocolHandshake.java:126)
	at java.util.stream.ReferencePipeline$3$1.accept(ReferencePipeline.java:193)
	at java.util.Spliterators$ArraySpliterator.tryAdvance(Spliterators.java:958)
	at java.util.stream.ReferencePipeline.forEachWithCancel(ReferencePipeline.java:126)
	at java.util.stream.AbstractPipeline.copyIntoWithCancel(AbstractPipeline.java:498)
	at java.util.stream.AbstractPipeline.copyInto(AbstractPipeline.java:485)
	at java.util.stream.AbstractPipeline.wrapAndCopyInto(AbstractPipeline.java:471)
	at java.util.stream.FindOps$FindOp.evaluateSequential(FindOps.java:152)
	at java.util.stream.AbstractPipeline.evaluate(AbstractPipeline.java:234)
	at java.util.stream.ReferencePipeline.findFirst(ReferencePipeline.java:464)
	at org.openqa.selenium.remote.ProtocolHandshake.createSession(ProtocolHandshake.java:128)
	at org.openqa.selenium.remote.ProtocolHandshake.createSession(ProtocolHandshake.java:74)
	at org.openqa.selenium.remote.HttpCommandExecutor.execute(HttpCommandExecutor.java:136)
	at org.openqa.selenium.remote.service.DriverCommandExecutor.execute(DriverCommandExecutor.java:83)
	at org.openqa.selenium.remote.RemoteWebDriver.execute(RemoteWebDriver.java:552)
	at org.openqa.selenium.remote.RemoteWebDriver.startSession(RemoteWebDriver.java:213)
	at org.openqa.selenium.remote.RemoteWebDriver.&lt;init&gt;(RemoteWebDriver.java:131)
	at org.openqa.selenium.chrome.ChromeDriver.&lt;init&gt;(ChromeDriver.java:181)
	at org.openqa.selenium.chrome.ChromeDriver.&lt;init&gt;(ChromeDriver.java:168)
	at org.openqa.selenium.chrome.ChromeDriver.&lt;init&gt;(ChromeDriver.java:123)
	at com.ijmeet.keywords.FEKeywords.openBrowser(FEKeywords.java:22)
	at com.ijmeet.base.Testbase.openingBrowser(Testbase.java:13)
	at sun.reflect.NativeMethodAccessorImpl.invoke0(Native Method)
	at sun.reflect.NativeMethodAccessorImpl.invoke(NativeMethodAccessorImpl.java:62)
	at sun.reflect.DelegatingMethodAccessorImpl.invoke(DelegatingMethodAccessorImpl.java:43)
	at java.lang.reflect.Method.invoke(Method.java:498)
	at org.testng.internal.MethodInvocationHelper.invokeMethod(MethodInvocationHelper.java:124)
	at org.testng.internal.MethodInvocationHelper.invokeMethodConsideringTimeout(MethodInvocationHelper.java:59)
	at org.testng.internal.Invoker.invokeConfigurationMethod(Invoker.java:458)
	at org.testng.internal.Invoker.invokeConfigurations(Invoker.java:222)
	at org.testng.internal.Invoker.invokeConfigurations(Invoker.java:142)
	at org.testng.TestRunner.beforeRun(TestRunner.java:529)
	at org.testng.TestRunner.run(TestRunner.java:497)
	at org.testng.SuiteRunner.runTest(SuiteRunner.java:455)
	at org.testng.SuiteRunner.runSequentially(SuiteRunner.java:450)
	at org.testng.SuiteRunner.privateRun(SuiteRunner.java:415)
	at org.testng.SuiteRunner.run(SuiteRunner.java:364)
	at org.testng.SuiteRunnerWorker.runSuite(SuiteRunnerWorker.java:52)
	at org.testng.SuiteRunnerWorker.run(SuiteRunnerWorker.java:84)
	at org.testng.TestNG.runSuitesSequentially(TestNG.java:1208)
	at org.testng.TestNG.runSuitesLocally(TestNG.java:1137)
	at org.testng.TestNG.runSuites(TestNG.java:1049)
	at org.testng.TestNG.run(TestNG.java:1017)
	at org.testng.remote.AbstractRemoteTestNG.run(AbstractRemoteTestNG.java:115)
	at org.testng.remote.RemoteTestNG.initAndRun(RemoteTestNG.java:251)
	at org.testng.remote.RemoteTestNG.main(RemoteTestNG.java:77)
</div></td></tr></table><p class="totop"><a href="#summary">back to summary</a></p>
<h3 id="m1">com.ijmeet.functionaltests.HomePageTestCases#closingBrowser</h3><table class="result"><tr><th class="invisible"/></tr></table><p class="totop"><a href="#summary">back to summary</a></p>
<h3 id="m2">com.ijmeet.functionaltests.HomePageTestCases#verifyIsLogoVisibilityTest</h3><table class="result"><tr><th>Exception</th></tr><tr><td><div class="stacktrace">org.openqa.selenium.SessionNotCreatedException: session not created
from disconnected: Unable to receive message from renderer
  (Session info: chrome=86.0.4240.75)
Build info: version: &apos;3.141.59&apos;, revision: &apos;e82be7d358&apos;, time: &apos;2018-11-14T08:17:03&apos;
System info: host: &apos;DELL-PC&apos;, ip: &apos;192.168.43.234&apos;, os.name: &apos;Windows 7&apos;, os.arch: &apos;amd64&apos;, os.version: &apos;6.1&apos;, java.version: &apos;1.8.0_181&apos;
Driver info: driver.version: ChromeDriver
remote stacktrace: Backtrace:
	Ordinal0 [0x00E3C013+3194899]
	Ordinal0 [0x00D26021+2056225]
	Ordinal0 [0x00BBF608+587272]
	Ordinal0 [0x00BB3735+538421]
	Ordinal0 [0x00BB2A6F+535151]
	Ordinal0 [0x00BB2E45+536133]
	Ordinal0 [0x00BB27A5+534437]
	Ordinal0 [0x00BBBBC9+572361]
	Ordinal0 [0x00BB2754+534356]
	Ordinal0 [0x00BB3475+537717]
	Ordinal0 [0x00BB2A6F+535151]
	Ordinal0 [0x00BB2E45+536133]
	Ordinal0 [0x00BB27A5+534437]
	Ordinal0 [0x00BB9EFE+564990]
	Ordinal0 [0x00BB2754+534356]
	Ordinal0 [0x00BB3475+537717]
	Ordinal0 [0x00BB2A6F+535151]
	Ordinal0 [0x00BB2E45+536133]
	Ordinal0 [0x00BB27A5+534437]
	Ordinal0 [0x00BB8186+557446]
	Ordinal0 [0x00BB2754+534356]
	Ordinal0 [0x00BB3475+537717]
	Ordinal0 [0x00BB2A6F+535151]
	Ordinal0 [0x00BB2E45+536133]
	Ordinal0 [0x00BB27A5+534437]
	Ordinal0 [0x00BB74A7+554151]
	Ordinal0 [0x00BB2754+534356]
	Ordinal0 [0x00BB3475+537717]
	Ordinal0 [0x00BB2A6F+535151]
	Ordinal0 [0x00BB2E45+536133]
	Ordinal0 [0x00BB27A5+534437]
	Ordinal0 [0x00BAF06C+520300]
	Ordinal0 [0x00BB2754+534356]
	Ordinal0 [0x00BB25BF+533951]
	Ordinal0 [0x00BB23D3+533459]
	Ordinal0 [0x00BC0620+591392]
	Ordinal0 [0x00B62A0C+207372]
	Ordinal0 [0x00B61D0D+204045]
	Ordinal0 [0x00B5FC1B+195611]
	Ordinal0 [0x00B43B7F+80767]
	Ordinal0 [0x00B44B4E+84814]
	Ordinal0 [0x00B44AD9+84697]
	Ordinal0 [0x00D3CE64+2149988]
	GetHandleVerifier [0x00FABE95+1400773]
	GetHandleVerifier [0x00FABB61+1399953]
	GetHandleVerifier [0x00FB31FA+1430314]
	GetHandleVerifier [0x00FAC69F+1402831]
	Ordinal0 [0x00D33D61+2112865]
	Ordinal0 [0x00D3E5CB+2155979]
	Ordinal0 [0x00D3E6F5+2156277]
	Ordinal0 [0x00D4F26E+2224750]
	BaseThreadInitThunk [0x74DA339A+18]
	RtlInitializeExceptionChain [0x77219ED2+99]
	RtlInitializeExceptionChain [0x77219EA5+54]

	at sun.reflect.NativeConstructorAccessorImpl.newInstance0(Native Method)
	at sun.reflect.NativeConstructorAccessorImpl.newInstance(NativeConstructorAccessorImpl.java:62)
	at sun.reflect.DelegatingConstructorAccessorImpl.newInstance(DelegatingConstructorAccessorImpl.java:45)
	at java.lang.reflect.Constructor.newInstance(Constructor.java:423)
	at org.openqa.selenium.remote.W3CHandshakeResponse.lambda$errorHandler$0(W3CHandshakeResponse.java:62)
	at org.openqa.selenium.remote.HandshakeResponse.lambda$getResponseFunction$0(HandshakeResponse.java:30)
	at org.openqa.selenium.remote.ProtocolHandshake.lambda$createSession$0(ProtocolHandshake.java:126)
	at java.util.stream.ReferencePipeline$3$1.accept(ReferencePipeline.java:193)
	at java.util.Spliterators$ArraySpliterator.tryAdvance(Spliterators.java:958)
	at java.util.stream.ReferencePipeline.forEachWithCancel(ReferencePipeline.java:126)
	at java.util.stream.AbstractPipeline.copyIntoWithCancel(AbstractPipeline.java:498)
	at java.util.stream.AbstractPipeline.copyInto(AbstractPipeline.java:485)
	at java.util.stream.AbstractPipeline.wrapAndCopyInto(AbstractPipeline.java:471)
	at java.util.stream.FindOps$FindOp.evaluateSequential(FindOps.java:152)
	at java.util.stream.AbstractPipeline.evaluate(AbstractPipeline.java:234)
	at java.util.stream.ReferencePipeline.findFirst(ReferencePipeline.java:464)
	at org.openqa.selenium.remote.ProtocolHandshake.createSession(ProtocolHandshake.java:128)
	at org.openqa.selenium.remote.ProtocolHandshake.createSession(ProtocolHandshake.java:74)
	at org.openqa.selenium.remote.HttpCommandExecutor.execute(HttpCommandExecutor.java:136)
	at org.openqa.selenium.remote.service.DriverCommandExecutor.execute(DriverCommandExecutor.java:83)
	at org.openqa.selenium.remote.RemoteWebDriver.execute(RemoteWebDriver.java:552)
	at org.openqa.selenium.remote.RemoteWebDriver.startSession(RemoteWebDriver.java:213)
	at org.openqa.selenium.remote.RemoteWebDriver.&lt;init&gt;(RemoteWebDriver.java:131)
	at org.openqa.selenium.chrome.ChromeDriver.&lt;init&gt;(ChromeDriver.java:181)
	at org.openqa.selenium.chrome.ChromeDriver.&lt;init&gt;(ChromeDriver.java:168)
	at org.openqa.selenium.chrome.ChromeDriver.&lt;init&gt;(ChromeDriver.java:123)
	at com.ijmeet.keywords.FEKeywords.openBrowser(FEKeywords.java:22)
	at com.ijmeet.base.Testbase.openingBrowser(Testbase.java:13)
	at sun.reflect.NativeMethodAccessorImpl.invoke0(Native Method)
	at sun.reflect.NativeMethodAccessorImpl.invoke(NativeMethodAccessorImpl.java:62)
	at sun.reflect.DelegatingMethodAccessorImpl.invoke(DelegatingMethodAccessorImpl.java:43)
	at java.lang.reflect.Method.invoke(Method.java:498)
	at org.testng.internal.MethodInvocationHelper.invokeMethod(MethodInvocationHelper.java:124)
	at org.testng.internal.MethodInvocationHelper.invokeMethodConsideringTimeout(MethodInvocationHelper.java:59)
	at org.testng.internal.Invoker.invokeConfigurationMethod(Invoker.java:458)
	at org.testng.internal.Invoker.invokeConfigurations(Invoker.java:222)
	at org.testng.internal.Invoker.invokeConfigurations(Invoker.java:142)
	at org.testng.TestRunner.beforeRun(TestRunner.java:529)
	at org.testng.TestRunner.run(TestRunner.java:497)
	at org.testng.SuiteRunner.runTest(SuiteRunner.java:455)
	at org.testng.SuiteRunner.runSequentially(SuiteRunner.java:450)
	at org.testng.SuiteRunner.privateRun(SuiteRunner.java:415)
	at org.testng.SuiteRunner.run(SuiteRunner.java:364)
	at org.testng.SuiteRunnerWorker.runSuite(SuiteRunnerWorker.java:52)
	at org.testng.SuiteRunnerWorker.run(SuiteRunnerWorker.java:84)
	at org.testng.TestNG.runSuitesSequentially(TestNG.java:1208)
	at org.testng.TestNG.runSuitesLocally(TestNG.java:1137)
	at org.testng.TestNG.runSuites(TestNG.java:1049)
	at org.testng.TestNG.run(TestNG.java:1017)
	at org.testng.remote.AbstractRemoteTestNG.run(AbstractRemoteTestNG.java:115)
	at org.testng.remote.RemoteTestNG.initAndRun(RemoteTestNG.java:251)
	at org.testng.remote.RemoteTestNG.main(RemoteTestNG.java:77)
</div></td></tr></table><p class="totop"><a href="#summary">back to summary</a></p>
</body>
</html>
